2025-02-05T11:11:01.753+02:00  INFO 78236 --- [server] [main] c.example.server.ServerApplicationTests  : Starting ServerApplicationTests using Java 23.0.2 with PID 78236 (started by esakian in /Users/esakian/Documents/Projects/currency-converter/server)
2025-02-05T11:11:01.754+02:00 DEBUG 78236 --- [server] [main] c.example.server.ServerApplicationTests  : Running with Spring Boot v3.4.1, Spring v6.2.1
2025-02-05T11:11:01.754+02:00  INFO 78236 --- [server] [main] c.example.server.ServerApplicationTests  : No active profile set, falling back to 1 default profile: "default"
2025-02-05T11:11:02.214+02:00  INFO 78236 --- [server] [main] c.example.server.ServerApplicationTests  : Started ServerApplicationTests in 0.573 seconds (process running for 0.919)
2025-02-05T11:11:02.636+02:00 DEBUG 78236 --- [server] [main] c.e.server.service.CurrencyService       : Starting conversion: EUR -> USD (Amount: 100.0)
2025-02-05T11:11:02.637+02:00  INFO 78236 --- [server] [main] c.e.server.service.CurrencyService       : Cache HIT for exchange rates
2025-02-05T11:11:02.637+02:00  INFO 78236 --- [server] [main] c.e.server.service.CurrencyService       : Conversion completed: 100.0 EUR -> 110.00000000000001 USD at rate 1.1
2025-02-05T11:11:06.125+02:00  INFO 78258 --- [server] [restartedMain] com.example.server.ServerApplication     : Starting ServerApplication using Java 23.0.2 with PID 78258 (/Users/esakian/Documents/Projects/currency-converter/server/target/classes started by esakian in /Users/esakian/Documents/Projects/currency-converter/server)
2025-02-05T11:11:06.126+02:00 DEBUG 78258 --- [server] [restartedMain] com.example.server.ServerApplication     : Running with Spring Boot v3.4.1, Spring v6.2.1
2025-02-05T11:11:06.126+02:00  INFO 78258 --- [server] [restartedMain] com.example.server.ServerApplication     : No active profile set, falling back to 1 default profile: "default"
2025-02-05T11:11:06.143+02:00  INFO 78258 --- [server] [restartedMain] .e.DevToolsPropertyDefaultsPostProcessor : Devtools property defaults active! Set 'spring.devtools.add-properties' to 'false' to disable
2025-02-05T11:11:06.143+02:00  INFO 78258 --- [server] [restartedMain] .e.DevToolsPropertyDefaultsPostProcessor : For additional web related logging consider setting the 'logging.level.web' property to 'DEBUG'
2025-02-05T11:11:06.411+02:00  INFO 78258 --- [server] [restartedMain] o.s.b.w.embedded.tomcat.TomcatWebServer  : Tomcat initialized with port 8080 (http)
2025-02-05T11:11:06.416+02:00  INFO 78258 --- [server] [restartedMain] o.apache.catalina.core.StandardService   : Starting service [Tomcat]
2025-02-05T11:11:06.416+02:00  INFO 78258 --- [server] [restartedMain] o.apache.catalina.core.StandardEngine    : Starting Servlet engine: [Apache Tomcat/10.1.34]
2025-02-05T11:11:06.426+02:00  INFO 78258 --- [server] [restartedMain] o.a.c.c.C.[Tomcat].[localhost].[/]       : Initializing Spring embedded WebApplicationContext
2025-02-05T11:11:06.426+02:00  INFO 78258 --- [server] [restartedMain] w.s.c.ServletWebServerApplicationContext : Root WebApplicationContext: initialization completed in 283 ms
2025-02-05T11:11:06.568+02:00  INFO 78258 --- [server] [restartedMain] o.s.b.d.a.OptionalLiveReloadServer       : LiveReload server is running on port 35729
2025-02-05T11:11:06.576+02:00  INFO 78258 --- [server] [restartedMain] o.s.b.w.embedded.tomcat.TomcatWebServer  : Tomcat started on port 8080 (http) with context path '/'
2025-02-05T11:11:06.579+02:00  INFO 78258 --- [server] [restartedMain] com.example.server.ServerApplication     : Started ServerApplication in 0.574 seconds (process running for 0.696)
2025-02-05T11:11:11.225+02:00  INFO 78258 --- [server] [http-nio-8080-exec-2] o.a.c.c.C.[Tomcat].[localhost].[/]       : Initializing Spring DispatcherServlet 'dispatcherServlet'
2025-02-05T11:11:11.225+02:00  INFO 78258 --- [server] [http-nio-8080-exec-2] o.s.web.servlet.DispatcherServlet        : Initializing Servlet 'dispatcherServlet'
2025-02-05T11:11:11.226+02:00  INFO 78258 --- [server] [http-nio-8080-exec-2] o.s.web.servlet.DispatcherServlet        : Completed initialization in 1 ms
2025-02-05T11:11:11.285+02:00  WARN 78258 --- [server] [http-nio-8080-exec-2] c.e.s.exception.GlobalExceptionHandler   : Validation failed: {amount=Amount must be greater than zero, source=Invalid source currency format, target=Invalid target currency format}
2025-02-05T11:11:11.295+02:00  WARN 78258 --- [server] [http-nio-8080-exec-2] .m.m.a.ExceptionHandlerExceptionResolver : Resolved [org.springframework.web.bind.MethodArgumentNotValidException: Validation failed for argument [0] in public java.lang.Double com.example.server.controller.CurrencyController.convertCurrency(com.example.server.dto.CurrencyConversionRequest) with 3 errors: [Field error in object 'currencyConversionRequest' on field 'target': rejected value [EGPv]; codes [Pattern.currencyConversionRequest.target,Pattern.target,Pattern.java.lang.String,Pattern]; arguments [org.springframework.context.support.DefaultMessageSourceResolvable: codes [currencyConversionRequest.target,target]; arguments []; default message [target],[Ljakarta.validation.constraints.Pattern$Flag;@1544190a,^[A-Z]{3}$]; default message [Invalid target currency format]] [Field error in object 'currencyConversionRequest' on field 'source': rejected value [EURr]; codes [Pattern.currencyConversionRequest.source,Pattern.source,Pattern.java.lang.String,Pattern]; arguments [org.springframework.context.support.DefaultMessageSourceResolvable: codes [currencyConversionRequest.source,source]; arguments []; default message [source],[Ljakarta.validation.constraints.Pattern$Flag;@1544190a,^[A-Z]{3}$]; default message [Invalid source currency format]] [Field error in object 'currencyConversionRequest' on field 'amount': rejected value [0.0]; codes [Min.currencyConversionRequest.amount,Min.amount,Min.java.lang.Double,Min]; arguments [org.springframework.context.support.DefaultMessageSourceResolvable: codes [currencyConversionRequest.amount,amount]; arguments []; default message [amount],1]; default message [Amount must be greater than zero]] ]
2025-02-05T11:11:17.418+02:00  INFO 78258 --- [server] [http-nio-8080-exec-4] c.e.s.controller.CurrencyController      : Currency conversion requested: EUR -> EGP (Amount: 10.0)
2025-02-05T11:11:17.419+02:00 DEBUG 78258 --- [server] [http-nio-8080-exec-4] c.e.server.service.CurrencyService       : Starting conversion: EUR -> EGP (Amount: 10.0)
2025-02-05T11:11:17.420+02:00  INFO 78258 --- [server] [http-nio-8080-exec-4] c.e.server.service.CurrencyService       : Fetching exchange rates from API...
2025-02-05T11:11:17.873+02:00  INFO 78258 --- [server] [http-nio-8080-exec-4] c.e.server.service.CurrencyService       : Exchange rates cached: 149
2025-02-05T11:11:17.873+02:00  INFO 78258 --- [server] [http-nio-8080-exec-4] c.e.server.service.CurrencyService       : Conversion completed: 10.0 EUR -> 524.2839200000001 EGP at rate 52.428392
2025-02-05T11:11:17.873+02:00  INFO 78258 --- [server] [http-nio-8080-exec-4] c.e.s.controller.CurrencyController      : Conversion result: EUR -> EGP (Amount: 10.0) = 524.2839200000001
2025-02-05T11:18:42.063+02:00  INFO 78258 --- [server] [SpringApplicationShutdownHook] o.s.b.w.e.tomcat.GracefulShutdown        : Commencing graceful shutdown. Waiting for active requests to complete
2025-02-05T11:18:42.070+02:00  INFO 78258 --- [server] [tomcat-shutdown] o.s.b.w.e.tomcat.GracefulShutdown        : Graceful shutdown complete
2025-02-05T11:22:12.248+02:00  INFO 78652 --- [server] [main] c.example.server.ServerApplicationTests  : Starting ServerApplicationTests using Java 23.0.2 with PID 78652 (started by esakian in /Users/esakian/Documents/Projects/currency-converter/server)
2025-02-05T11:22:12.248+02:00 DEBUG 78652 --- [server] [main] c.example.server.ServerApplicationTests  : Running with Spring Boot v3.4.1, Spring v6.2.1
2025-02-05T11:22:12.249+02:00  INFO 78652 --- [server] [main] c.example.server.ServerApplicationTests  : No active profile set, falling back to 1 default profile: "default"
2025-02-05T11:22:12.706+02:00  INFO 78652 --- [server] [main] c.example.server.ServerApplicationTests  : Started ServerApplicationTests in 0.572 seconds (process running for 0.915)
2025-02-05T11:22:13.144+02:00 DEBUG 78652 --- [server] [main] c.e.server.service.CurrencyService       : Starting conversion: EUR -> USD (Amount: 100.0)
2025-02-05T11:22:13.145+02:00  INFO 78652 --- [server] [main] c.e.server.service.CurrencyService       : Cache HIT for exchange rates
2025-02-05T11:22:13.145+02:00  INFO 78652 --- [server] [main] c.e.server.service.CurrencyService       : Conversion completed: 100.0 EUR -> 110.00000000000001 USD at rate 1.1
2025-02-05T11:22:19.411+02:00  INFO 78671 --- [server] [restartedMain] com.example.server.ServerApplication     : Starting ServerApplication using Java 23.0.2 with PID 78671 (/Users/esakian/Documents/Projects/currency-converter/server/target/classes started by esakian in /Users/esakian/Documents/Projects/currency-converter/server)
2025-02-05T11:22:19.411+02:00 DEBUG 78671 --- [server] [restartedMain] com.example.server.ServerApplication     : Running with Spring Boot v3.4.1, Spring v6.2.1
2025-02-05T11:22:19.412+02:00  INFO 78671 --- [server] [restartedMain] com.example.server.ServerApplication     : No active profile set, falling back to 1 default profile: "default"
2025-02-05T11:22:19.429+02:00  INFO 78671 --- [server] [restartedMain] .e.DevToolsPropertyDefaultsPostProcessor : Devtools property defaults active! Set 'spring.devtools.add-properties' to 'false' to disable
2025-02-05T11:22:19.429+02:00  INFO 78671 --- [server] [restartedMain] .e.DevToolsPropertyDefaultsPostProcessor : For additional web related logging consider setting the 'logging.level.web' property to 'DEBUG'
2025-02-05T11:22:19.701+02:00  INFO 78671 --- [server] [restartedMain] o.s.b.w.embedded.tomcat.TomcatWebServer  : Tomcat initialized with port 8080 (http)
2025-02-05T11:22:19.706+02:00  INFO 78671 --- [server] [restartedMain] o.apache.catalina.core.StandardService   : Starting service [Tomcat]
2025-02-05T11:22:19.706+02:00  INFO 78671 --- [server] [restartedMain] o.apache.catalina.core.StandardEngine    : Starting Servlet engine: [Apache Tomcat/10.1.34]
2025-02-05T11:22:19.716+02:00  INFO 78671 --- [server] [restartedMain] o.a.c.c.C.[Tomcat].[localhost].[/]       : Initializing Spring embedded WebApplicationContext
2025-02-05T11:22:19.716+02:00  INFO 78671 --- [server] [restartedMain] w.s.c.ServletWebServerApplicationContext : Root WebApplicationContext: initialization completed in 287 ms
2025-02-05T11:22:19.861+02:00  INFO 78671 --- [server] [restartedMain] o.s.b.d.a.OptionalLiveReloadServer       : LiveReload server is running on port 35729
2025-02-05T11:22:19.869+02:00  INFO 78671 --- [server] [restartedMain] o.s.b.w.embedded.tomcat.TomcatWebServer  : Tomcat started on port 8080 (http) with context path '/'
2025-02-05T11:22:19.873+02:00  INFO 78671 --- [server] [restartedMain] com.example.server.ServerApplication     : Started ServerApplication in 0.582 seconds (process running for 0.702)
2025-02-05T11:22:24.270+02:00  INFO 78671 --- [server] [http-nio-8080-exec-2] o.a.c.c.C.[Tomcat].[localhost].[/]       : Initializing Spring DispatcherServlet 'dispatcherServlet'
2025-02-05T11:22:24.271+02:00  INFO 78671 --- [server] [http-nio-8080-exec-2] o.s.web.servlet.DispatcherServlet        : Initializing Servlet 'dispatcherServlet'
2025-02-05T11:22:24.271+02:00  INFO 78671 --- [server] [http-nio-8080-exec-2] o.s.web.servlet.DispatcherServlet        : Completed initialization in 0 ms
2025-02-05T11:22:24.331+02:00  INFO 78671 --- [server] [http-nio-8080-exec-2] c.e.s.controller.CurrencyController      : Currency conversion requested: EUR -> EGP (Amount: 10.0)
2025-02-05T11:22:24.332+02:00 DEBUG 78671 --- [server] [http-nio-8080-exec-2] c.e.server.service.CurrencyService       : Starting conversion: EUR -> EGP (Amount: 10.0)
2025-02-05T11:22:24.332+02:00  INFO 78671 --- [server] [http-nio-8080-exec-2] c.e.server.service.CurrencyService       : Fetching exchange rates from API...
2025-02-05T11:22:24.863+02:00  INFO 78671 --- [server] [http-nio-8080-exec-2] c.e.server.service.CurrencyService       : Exchange rates cached: 149
2025-02-05T11:22:24.863+02:00  INFO 78671 --- [server] [http-nio-8080-exec-2] c.e.server.service.CurrencyService       : Conversion completed: 10.0 EUR -> 524.2839200000001 EGP at rate 52.428392
2025-02-05T11:22:24.867+02:00  INFO 78671 --- [server] [http-nio-8080-exec-2] c.e.s.controller.CurrencyController      : Conversion result: EUR -> EGP (Amount: 10.0) = $524.28
2025-02-05T11:22:30.732+02:00  INFO 78671 --- [server] [http-nio-8080-exec-3] c.e.s.controller.CurrencyController      : Currency conversion requested: EUR -> USD (Amount: 10.0)
2025-02-05T11:22:30.734+02:00 DEBUG 78671 --- [server] [http-nio-8080-exec-3] c.e.server.service.CurrencyService       : Starting conversion: EUR -> USD (Amount: 10.0)
2025-02-05T11:22:30.734+02:00  INFO 78671 --- [server] [http-nio-8080-exec-3] c.e.server.service.CurrencyService       : Cache HIT for exchange rates
2025-02-05T11:22:30.735+02:00  INFO 78671 --- [server] [http-nio-8080-exec-3] c.e.server.service.CurrencyService       : Conversion completed: 10.0 EUR -> 10.40001 USD at rate 1.040001
2025-02-05T11:22:30.735+02:00  INFO 78671 --- [server] [http-nio-8080-exec-3] c.e.s.controller.CurrencyController      : Conversion result: EUR -> USD (Amount: 10.0) = $10.40
2025-02-05T11:22:44.911+02:00  INFO 78671 --- [server] [http-nio-8080-exec-4] c.e.s.controller.CurrencyController      : Currency conversion requested: EUR -> GBP (Amount: 10.0)
2025-02-05T11:22:44.912+02:00 DEBUG 78671 --- [server] [http-nio-8080-exec-4] c.e.server.service.CurrencyService       : Starting conversion: EUR -> GBP (Amount: 10.0)
2025-02-05T11:22:44.912+02:00  INFO 78671 --- [server] [http-nio-8080-exec-4] c.e.server.service.CurrencyService       : Cache HIT for exchange rates
2025-02-05T11:22:44.912+02:00  INFO 78671 --- [server] [http-nio-8080-exec-4] c.e.server.service.CurrencyService       : Conversion completed: 10.0 EUR -> 8.35853 GBP at rate 0.835853
2025-02-05T11:22:44.923+02:00  INFO 78671 --- [server] [http-nio-8080-exec-4] c.e.s.controller.CurrencyController      : Conversion result: EUR -> GBP (Amount: 10.0) = £8.36
2025-02-05T11:22:56.176+02:00  INFO 78671 --- [server] [http-nio-8080-exec-5] c.e.s.controller.CurrencyController      : Currency conversion requested: USD -> EUR (Amount: 10.0)
2025-02-05T11:22:56.177+02:00 DEBUG 78671 --- [server] [http-nio-8080-exec-5] c.e.server.service.CurrencyService       : Starting conversion: USD -> EUR (Amount: 10.0)
2025-02-05T11:22:56.177+02:00  INFO 78671 --- [server] [http-nio-8080-exec-5] c.e.server.service.CurrencyService       : Cache HIT for exchange rates
2025-02-05T11:22:56.181+02:00 ERROR 78671 --- [server] [http-nio-8080-exec-5] c.e.s.exception.GlobalExceptionHandler   : Unexpected error occurred: Invalid currency pair: USD to EUR

java.lang.IllegalArgumentException: Invalid currency pair: USD to EUR
	at com.example.server.service.CurrencyService.convertCurrency(CurrencyService.java:84) ~[classes/:na]
	at java.base/jdk.internal.reflect.DirectMethodHandleAccessor.invoke(DirectMethodHandleAccessor.java:103) ~[na:na]
	at java.base/java.lang.reflect.Method.invoke(Method.java:580) ~[na:na]
	at org.springframework.aop.support.AopUtils.invokeJoinpointUsingReflection(AopUtils.java:359) ~[spring-aop-6.2.1.jar:6.2.1]
	at org.springframework.aop.framework.CglibAopProxy$DynamicAdvisedInterceptor.intercept(CglibAopProxy.java:723) ~[spring-aop-6.2.1.jar:6.2.1]
	at com.example.server.service.CurrencyService$$SpringCGLIB$$0.convertCurrency(<generated>) ~[classes/:na]
	at com.example.server.controller.CurrencyController.convertCurrency(CurrencyController.java:39) ~[classes/:na]
	at java.base/jdk.internal.reflect.DirectMethodHandleAccessor.invoke(DirectMethodHandleAccessor.java:103) ~[na:na]
	at java.base/java.lang.reflect.Method.invoke(Method.java:580) ~[na:na]
	at org.springframework.aop.support.AopUtils.invokeJoinpointUsingReflection(AopUtils.java:359) ~[spring-aop-6.2.1.jar:6.2.1]
	at org.springframework.aop.framework.ReflectiveMethodInvocation.invokeJoinpoint(ReflectiveMethodInvocation.java:196) ~[spring-aop-6.2.1.jar:6.2.1]
	at org.springframework.aop.framework.ReflectiveMethodInvocation.proceed(ReflectiveMethodInvocation.java:163) ~[spring-aop-6.2.1.jar:6.2.1]
	at org.springframework.validation.beanvalidation.MethodValidationInterceptor.invoke(MethodValidationInterceptor.java:174) ~[spring-context-6.2.1.jar:6.2.1]
	at org.springframework.aop.framework.ReflectiveMethodInvocation.proceed(ReflectiveMethodInvocation.java:184) ~[spring-aop-6.2.1.jar:6.2.1]
	at org.springframework.aop.framework.CglibAopProxy$DynamicAdvisedInterceptor.intercept(CglibAopProxy.java:727) ~[spring-aop-6.2.1.jar:6.2.1]
	at com.example.server.controller.CurrencyController$$SpringCGLIB$$0.convertCurrency(<generated>) ~[classes/:na]
	at java.base/jdk.internal.reflect.DirectMethodHandleAccessor.invoke(DirectMethodHandleAccessor.java:103) ~[na:na]
	at java.base/java.lang.reflect.Method.invoke(Method.java:580) ~[na:na]
	at org.springframework.web.method.support.InvocableHandlerMethod.doInvoke(InvocableHandlerMethod.java:257) ~[spring-web-6.2.1.jar:6.2.1]
	at org.springframework.web.method.support.InvocableHandlerMethod.invokeForRequest(InvocableHandlerMethod.java:190) ~[spring-web-6.2.1.jar:6.2.1]
	at org.springframework.web.servlet.mvc.method.annotation.ServletInvocableHandlerMethod.invokeAndHandle(ServletInvocableHandlerMethod.java:118) ~[spring-webmvc-6.2.1.jar:6.2.1]
	at org.springframework.web.servlet.mvc.method.annotation.RequestMappingHandlerAdapter.invokeHandlerMethod(RequestMappingHandlerAdapter.java:986) ~[spring-webmvc-6.2.1.jar:6.2.1]
	at org.springframework.web.servlet.mvc.method.annotation.RequestMappingHandlerAdapter.handleInternal(RequestMappingHandlerAdapter.java:891) ~[spring-webmvc-6.2.1.jar:6.2.1]
	at org.springframework.web.servlet.mvc.method.AbstractHandlerMethodAdapter.handle(AbstractHandlerMethodAdapter.java:87) ~[spring-webmvc-6.2.1.jar:6.2.1]
	at org.springframework.web.servlet.DispatcherServlet.doDispatch(DispatcherServlet.java:1088) ~[spring-webmvc-6.2.1.jar:6.2.1]
	at org.springframework.web.servlet.DispatcherServlet.doService(DispatcherServlet.java:978) ~[spring-webmvc-6.2.1.jar:6.2.1]
	at org.springframework.web.servlet.FrameworkServlet.processRequest(FrameworkServlet.java:1014) ~[spring-webmvc-6.2.1.jar:6.2.1]
	at org.springframework.web.servlet.FrameworkServlet.doPost(FrameworkServlet.java:914) ~[spring-webmvc-6.2.1.jar:6.2.1]
	at jakarta.servlet.http.HttpServlet.service(HttpServlet.java:590) ~[tomcat-embed-core-10.1.34.jar:6.0]
	at org.springframework.web.servlet.FrameworkServlet.service(FrameworkServlet.java:885) ~[spring-webmvc-6.2.1.jar:6.2.1]
	at jakarta.servlet.http.HttpServlet.service(HttpServlet.java:658) ~[tomcat-embed-core-10.1.34.jar:6.0]
	at org.apache.catalina.core.ApplicationFilterChain.internalDoFilter(ApplicationFilterChain.java:195) ~[tomcat-embed-core-10.1.34.jar:10.1.34]
	at org.apache.catalina.core.ApplicationFilterChain.doFilter(ApplicationFilterChain.java:140) ~[tomcat-embed-core-10.1.34.jar:10.1.34]
	at org.apache.tomcat.websocket.server.WsFilter.doFilter(WsFilter.java:51) ~[tomcat-embed-websocket-10.1.34.jar:10.1.34]
	at org.apache.catalina.core.ApplicationFilterChain.internalDoFilter(ApplicationFilterChain.java:164) ~[tomcat-embed-core-10.1.34.jar:10.1.34]
	at org.apache.catalina.core.ApplicationFilterChain.doFilter(ApplicationFilterChain.java:140) ~[tomcat-embed-core-10.1.34.jar:10.1.34]
	at org.springframework.web.filter.RequestContextFilter.doFilterInternal(RequestContextFilter.java:100) ~[spring-web-6.2.1.jar:6.2.1]
	at org.springframework.web.filter.OncePerRequestFilter.doFilter(OncePerRequestFilter.java:116) ~[spring-web-6.2.1.jar:6.2.1]
	at org.apache.catalina.core.ApplicationFilterChain.internalDoFilter(ApplicationFilterChain.java:164) ~[tomcat-embed-core-10.1.34.jar:10.1.34]
	at org.apache.catalina.core.ApplicationFilterChain.doFilter(ApplicationFilterChain.java:140) ~[tomcat-embed-core-10.1.34.jar:10.1.34]
	at org.springframework.web.filter.FormContentFilter.doFilterInternal(FormContentFilter.java:93) ~[spring-web-6.2.1.jar:6.2.1]
	at org.springframework.web.filter.OncePerRequestFilter.doFilter(OncePerRequestFilter.java:116) ~[spring-web-6.2.1.jar:6.2.1]
	at org.apache.catalina.core.ApplicationFilterChain.internalDoFilter(ApplicationFilterChain.java:164) ~[tomcat-embed-core-10.1.34.jar:10.1.34]
	at org.apache.catalina.core.ApplicationFilterChain.doFilter(ApplicationFilterChain.java:140) ~[tomcat-embed-core-10.1.34.jar:10.1.34]
	at org.springframework.web.filter.CharacterEncodingFilter.doFilterInternal(CharacterEncodingFilter.java:201) ~[spring-web-6.2.1.jar:6.2.1]
	at org.springframework.web.filter.OncePerRequestFilter.doFilter(OncePerRequestFilter.java:116) ~[spring-web-6.2.1.jar:6.2.1]
	at org.apache.catalina.core.ApplicationFilterChain.internalDoFilter(ApplicationFilterChain.java:164) ~[tomcat-embed-core-10.1.34.jar:10.1.34]
	at org.apache.catalina.core.ApplicationFilterChain.doFilter(ApplicationFilterChain.java:140) ~[tomcat-embed-core-10.1.34.jar:10.1.34]
	at org.apache.catalina.core.StandardWrapperValve.invoke(StandardWrapperValve.java:167) ~[tomcat-embed-core-10.1.34.jar:10.1.34]
	at org.apache.catalina.core.StandardContextValve.invoke(StandardContextValve.java:90) ~[tomcat-embed-core-10.1.34.jar:10.1.34]
	at org.apache.catalina.authenticator.AuthenticatorBase.invoke(AuthenticatorBase.java:483) ~[tomcat-embed-core-10.1.34.jar:10.1.34]
	at org.apache.catalina.core.StandardHostValve.invoke(StandardHostValve.java:115) ~[tomcat-embed-core-10.1.34.jar:10.1.34]
	at org.apache.catalina.valves.ErrorReportValve.invoke(ErrorReportValve.java:93) ~[tomcat-embed-core-10.1.34.jar:10.1.34]
	at org.apache.catalina.core.StandardEngineValve.invoke(StandardEngineValve.java:74) ~[tomcat-embed-core-10.1.34.jar:10.1.34]
	at org.apache.catalina.connector.CoyoteAdapter.service(CoyoteAdapter.java:344) ~[tomcat-embed-core-10.1.34.jar:10.1.34]
	at org.apache.coyote.http11.Http11Processor.service(Http11Processor.java:397) ~[tomcat-embed-core-10.1.34.jar:10.1.34]
	at org.apache.coyote.AbstractProcessorLight.process(AbstractProcessorLight.java:63) ~[tomcat-embed-core-10.1.34.jar:10.1.34]
	at org.apache.coyote.AbstractProtocol$ConnectionHandler.process(AbstractProtocol.java:905) ~[tomcat-embed-core-10.1.34.jar:10.1.34]
	at org.apache.tomcat.util.net.NioEndpoint$SocketProcessor.doRun(NioEndpoint.java:1741) ~[tomcat-embed-core-10.1.34.jar:10.1.34]
	at org.apache.tomcat.util.net.SocketProcessorBase.run(SocketProcessorBase.java:52) ~[tomcat-embed-core-10.1.34.jar:10.1.34]
	at org.apache.tomcat.util.threads.ThreadPoolExecutor.runWorker(ThreadPoolExecutor.java:1190) ~[tomcat-embed-core-10.1.34.jar:10.1.34]
	at org.apache.tomcat.util.threads.ThreadPoolExecutor$Worker.run(ThreadPoolExecutor.java:659) ~[tomcat-embed-core-10.1.34.jar:10.1.34]
	at org.apache.tomcat.util.threads.TaskThread$WrappingRunnable.run(TaskThread.java:63) ~[tomcat-embed-core-10.1.34.jar:10.1.34]
	at java.base/java.lang.Thread.run(Thread.java:1575) ~[na:na]

2025-02-05T11:22:56.200+02:00  WARN 78671 --- [server] [http-nio-8080-exec-5] .m.m.a.ExceptionHandlerExceptionResolver : Resolved [java.lang.IllegalArgumentException: Invalid currency pair: USD to EUR]
2025-02-05T11:23:05.461+02:00  INFO 78671 --- [server] [http-nio-8080-exec-7] c.e.s.controller.CurrencyController      : Currency conversion requested: USD -> GBP (Amount: 10.0)
2025-02-05T11:23:05.461+02:00 DEBUG 78671 --- [server] [http-nio-8080-exec-7] c.e.server.service.CurrencyService       : Starting conversion: USD -> GBP (Amount: 10.0)
2025-02-05T11:23:05.462+02:00  INFO 78671 --- [server] [http-nio-8080-exec-7] c.e.server.service.CurrencyService       : Cache HIT for exchange rates
2025-02-05T11:23:05.463+02:00 ERROR 78671 --- [server] [http-nio-8080-exec-7] c.e.s.exception.GlobalExceptionHandler   : Unexpected error occurred: Invalid currency pair: USD to GBP

java.lang.IllegalArgumentException: Invalid currency pair: USD to GBP
	at com.example.server.service.CurrencyService.convertCurrency(CurrencyService.java:84) ~[classes/:na]
	at java.base/jdk.internal.reflect.DirectMethodHandleAccessor.invoke(DirectMethodHandleAccessor.java:103) ~[na:na]
	at java.base/java.lang.reflect.Method.invoke(Method.java:580) ~[na:na]
	at org.springframework.aop.support.AopUtils.invokeJoinpointUsingReflection(AopUtils.java:359) ~[spring-aop-6.2.1.jar:6.2.1]
	at org.springframework.aop.framework.CglibAopProxy$DynamicAdvisedInterceptor.intercept(CglibAopProxy.java:723) ~[spring-aop-6.2.1.jar:6.2.1]
	at com.example.server.service.CurrencyService$$SpringCGLIB$$0.convertCurrency(<generated>) ~[classes/:na]
	at com.example.server.controller.CurrencyController.convertCurrency(CurrencyController.java:39) ~[classes/:na]
	at java.base/jdk.internal.reflect.DirectMethodHandleAccessor.invoke(DirectMethodHandleAccessor.java:103) ~[na:na]
	at java.base/java.lang.reflect.Method.invoke(Method.java:580) ~[na:na]
	at org.springframework.aop.support.AopUtils.invokeJoinpointUsingReflection(AopUtils.java:359) ~[spring-aop-6.2.1.jar:6.2.1]
	at org.springframework.aop.framework.ReflectiveMethodInvocation.invokeJoinpoint(ReflectiveMethodInvocation.java:196) ~[spring-aop-6.2.1.jar:6.2.1]
	at org.springframework.aop.framework.ReflectiveMethodInvocation.proceed(ReflectiveMethodInvocation.java:163) ~[spring-aop-6.2.1.jar:6.2.1]
	at org.springframework.validation.beanvalidation.MethodValidationInterceptor.invoke(MethodValidationInterceptor.java:174) ~[spring-context-6.2.1.jar:6.2.1]
	at org.springframework.aop.framework.ReflectiveMethodInvocation.proceed(ReflectiveMethodInvocation.java:184) ~[spring-aop-6.2.1.jar:6.2.1]
	at org.springframework.aop.framework.CglibAopProxy$DynamicAdvisedInterceptor.intercept(CglibAopProxy.java:727) ~[spring-aop-6.2.1.jar:6.2.1]
	at com.example.server.controller.CurrencyController$$SpringCGLIB$$0.convertCurrency(<generated>) ~[classes/:na]
	at java.base/jdk.internal.reflect.DirectMethodHandleAccessor.invoke(DirectMethodHandleAccessor.java:103) ~[na:na]
	at java.base/java.lang.reflect.Method.invoke(Method.java:580) ~[na:na]
	at org.springframework.web.method.support.InvocableHandlerMethod.doInvoke(InvocableHandlerMethod.java:257) ~[spring-web-6.2.1.jar:6.2.1]
	at org.springframework.web.method.support.InvocableHandlerMethod.invokeForRequest(InvocableHandlerMethod.java:190) ~[spring-web-6.2.1.jar:6.2.1]
	at org.springframework.web.servlet.mvc.method.annotation.ServletInvocableHandlerMethod.invokeAndHandle(ServletInvocableHandlerMethod.java:118) ~[spring-webmvc-6.2.1.jar:6.2.1]
	at org.springframework.web.servlet.mvc.method.annotation.RequestMappingHandlerAdapter.invokeHandlerMethod(RequestMappingHandlerAdapter.java:986) ~[spring-webmvc-6.2.1.jar:6.2.1]
	at org.springframework.web.servlet.mvc.method.annotation.RequestMappingHandlerAdapter.handleInternal(RequestMappingHandlerAdapter.java:891) ~[spring-webmvc-6.2.1.jar:6.2.1]
	at org.springframework.web.servlet.mvc.method.AbstractHandlerMethodAdapter.handle(AbstractHandlerMethodAdapter.java:87) ~[spring-webmvc-6.2.1.jar:6.2.1]
	at org.springframework.web.servlet.DispatcherServlet.doDispatch(DispatcherServlet.java:1088) ~[spring-webmvc-6.2.1.jar:6.2.1]
	at org.springframework.web.servlet.DispatcherServlet.doService(DispatcherServlet.java:978) ~[spring-webmvc-6.2.1.jar:6.2.1]
	at org.springframework.web.servlet.FrameworkServlet.processRequest(FrameworkServlet.java:1014) ~[spring-webmvc-6.2.1.jar:6.2.1]
	at org.springframework.web.servlet.FrameworkServlet.doPost(FrameworkServlet.java:914) ~[spring-webmvc-6.2.1.jar:6.2.1]
	at jakarta.servlet.http.HttpServlet.service(HttpServlet.java:590) ~[tomcat-embed-core-10.1.34.jar:6.0]
	at org.springframework.web.servlet.FrameworkServlet.service(FrameworkServlet.java:885) ~[spring-webmvc-6.2.1.jar:6.2.1]
	at jakarta.servlet.http.HttpServlet.service(HttpServlet.java:658) ~[tomcat-embed-core-10.1.34.jar:6.0]
	at org.apache.catalina.core.ApplicationFilterChain.internalDoFilter(ApplicationFilterChain.java:195) ~[tomcat-embed-core-10.1.34.jar:10.1.34]
	at org.apache.catalina.core.ApplicationFilterChain.doFilter(ApplicationFilterChain.java:140) ~[tomcat-embed-core-10.1.34.jar:10.1.34]
	at org.apache.tomcat.websocket.server.WsFilter.doFilter(WsFilter.java:51) ~[tomcat-embed-websocket-10.1.34.jar:10.1.34]
	at org.apache.catalina.core.ApplicationFilterChain.internalDoFilter(ApplicationFilterChain.java:164) ~[tomcat-embed-core-10.1.34.jar:10.1.34]
	at org.apache.catalina.core.ApplicationFilterChain.doFilter(ApplicationFilterChain.java:140) ~[tomcat-embed-core-10.1.34.jar:10.1.34]
	at org.springframework.web.filter.RequestContextFilter.doFilterInternal(RequestContextFilter.java:100) ~[spring-web-6.2.1.jar:6.2.1]
	at org.springframework.web.filter.OncePerRequestFilter.doFilter(OncePerRequestFilter.java:116) ~[spring-web-6.2.1.jar:6.2.1]
	at org.apache.catalina.core.ApplicationFilterChain.internalDoFilter(ApplicationFilterChain.java:164) ~[tomcat-embed-core-10.1.34.jar:10.1.34]
	at org.apache.catalina.core.ApplicationFilterChain.doFilter(ApplicationFilterChain.java:140) ~[tomcat-embed-core-10.1.34.jar:10.1.34]
	at org.springframework.web.filter.FormContentFilter.doFilterInternal(FormContentFilter.java:93) ~[spring-web-6.2.1.jar:6.2.1]
	at org.springframework.web.filter.OncePerRequestFilter.doFilter(OncePerRequestFilter.java:116) ~[spring-web-6.2.1.jar:6.2.1]
	at org.apache.catalina.core.ApplicationFilterChain.internalDoFilter(ApplicationFilterChain.java:164) ~[tomcat-embed-core-10.1.34.jar:10.1.34]
	at org.apache.catalina.core.ApplicationFilterChain.doFilter(ApplicationFilterChain.java:140) ~[tomcat-embed-core-10.1.34.jar:10.1.34]
	at org.springframework.web.filter.CharacterEncodingFilter.doFilterInternal(CharacterEncodingFilter.java:201) ~[spring-web-6.2.1.jar:6.2.1]
	at org.springframework.web.filter.OncePerRequestFilter.doFilter(OncePerRequestFilter.java:116) ~[spring-web-6.2.1.jar:6.2.1]
	at org.apache.catalina.core.ApplicationFilterChain.internalDoFilter(ApplicationFilterChain.java:164) ~[tomcat-embed-core-10.1.34.jar:10.1.34]
	at org.apache.catalina.core.ApplicationFilterChain.doFilter(ApplicationFilterChain.java:140) ~[tomcat-embed-core-10.1.34.jar:10.1.34]
	at org.apache.catalina.core.StandardWrapperValve.invoke(StandardWrapperValve.java:167) ~[tomcat-embed-core-10.1.34.jar:10.1.34]
	at org.apache.catalina.core.StandardContextValve.invoke(StandardContextValve.java:90) ~[tomcat-embed-core-10.1.34.jar:10.1.34]
	at org.apache.catalina.authenticator.AuthenticatorBase.invoke(AuthenticatorBase.java:483) ~[tomcat-embed-core-10.1.34.jar:10.1.34]
	at org.apache.catalina.core.StandardHostValve.invoke(StandardHostValve.java:115) ~[tomcat-embed-core-10.1.34.jar:10.1.34]
	at org.apache.catalina.valves.ErrorReportValve.invoke(ErrorReportValve.java:93) ~[tomcat-embed-core-10.1.34.jar:10.1.34]
	at org.apache.catalina.core.StandardEngineValve.invoke(StandardEngineValve.java:74) ~[tomcat-embed-core-10.1.34.jar:10.1.34]
	at org.apache.catalina.connector.CoyoteAdapter.service(CoyoteAdapter.java:344) ~[tomcat-embed-core-10.1.34.jar:10.1.34]
	at org.apache.coyote.http11.Http11Processor.service(Http11Processor.java:397) ~[tomcat-embed-core-10.1.34.jar:10.1.34]
	at org.apache.coyote.AbstractProcessorLight.process(AbstractProcessorLight.java:63) ~[tomcat-embed-core-10.1.34.jar:10.1.34]
	at org.apache.coyote.AbstractProtocol$ConnectionHandler.process(AbstractProtocol.java:905) ~[tomcat-embed-core-10.1.34.jar:10.1.34]
	at org.apache.tomcat.util.net.NioEndpoint$SocketProcessor.doRun(NioEndpoint.java:1741) ~[tomcat-embed-core-10.1.34.jar:10.1.34]
	at org.apache.tomcat.util.net.SocketProcessorBase.run(SocketProcessorBase.java:52) ~[tomcat-embed-core-10.1.34.jar:10.1.34]
	at org.apache.tomcat.util.threads.ThreadPoolExecutor.runWorker(ThreadPoolExecutor.java:1190) ~[tomcat-embed-core-10.1.34.jar:10.1.34]
	at org.apache.tomcat.util.threads.ThreadPoolExecutor$Worker.run(ThreadPoolExecutor.java:659) ~[tomcat-embed-core-10.1.34.jar:10.1.34]
	at org.apache.tomcat.util.threads.TaskThread$WrappingRunnable.run(TaskThread.java:63) ~[tomcat-embed-core-10.1.34.jar:10.1.34]
	at java.base/java.lang.Thread.run(Thread.java:1575) ~[na:na]

2025-02-05T11:23:05.467+02:00  WARN 78671 --- [server] [http-nio-8080-exec-7] .m.m.a.ExceptionHandlerExceptionResolver : Resolved [java.lang.IllegalArgumentException: Invalid currency pair: USD to GBP]
2025-02-05T11:23:13.156+02:00  INFO 78671 --- [server] [http-nio-8080-exec-9] c.e.s.controller.CurrencyController      : Currency conversion requested: GBP -> EUR (Amount: 10.0)
2025-02-05T11:23:13.157+02:00 DEBUG 78671 --- [server] [http-nio-8080-exec-9] c.e.server.service.CurrencyService       : Starting conversion: GBP -> EUR (Amount: 10.0)
2025-02-05T11:23:13.157+02:00  INFO 78671 --- [server] [http-nio-8080-exec-9] c.e.server.service.CurrencyService       : Cache HIT for exchange rates
2025-02-05T11:23:13.158+02:00 ERROR 78671 --- [server] [http-nio-8080-exec-9] c.e.s.exception.GlobalExceptionHandler   : Unexpected error occurred: Invalid currency pair: GBP to EUR

java.lang.IllegalArgumentException: Invalid currency pair: GBP to EUR
	at com.example.server.service.CurrencyService.convertCurrency(CurrencyService.java:84) ~[classes/:na]
	at java.base/jdk.internal.reflect.DirectMethodHandleAccessor.invoke(DirectMethodHandleAccessor.java:103) ~[na:na]
	at java.base/java.lang.reflect.Method.invoke(Method.java:580) ~[na:na]
	at org.springframework.aop.support.AopUtils.invokeJoinpointUsingReflection(AopUtils.java:359) ~[spring-aop-6.2.1.jar:6.2.1]
	at org.springframework.aop.framework.CglibAopProxy$DynamicAdvisedInterceptor.intercept(CglibAopProxy.java:723) ~[spring-aop-6.2.1.jar:6.2.1]
	at com.example.server.service.CurrencyService$$SpringCGLIB$$0.convertCurrency(<generated>) ~[classes/:na]
	at com.example.server.controller.CurrencyController.convertCurrency(CurrencyController.java:39) ~[classes/:na]
	at java.base/jdk.internal.reflect.DirectMethodHandleAccessor.invoke(DirectMethodHandleAccessor.java:103) ~[na:na]
	at java.base/java.lang.reflect.Method.invoke(Method.java:580) ~[na:na]
	at org.springframework.aop.support.AopUtils.invokeJoinpointUsingReflection(AopUtils.java:359) ~[spring-aop-6.2.1.jar:6.2.1]
	at org.springframework.aop.framework.ReflectiveMethodInvocation.invokeJoinpoint(ReflectiveMethodInvocation.java:196) ~[spring-aop-6.2.1.jar:6.2.1]
	at org.springframework.aop.framework.ReflectiveMethodInvocation.proceed(ReflectiveMethodInvocation.java:163) ~[spring-aop-6.2.1.jar:6.2.1]
	at org.springframework.validation.beanvalidation.MethodValidationInterceptor.invoke(MethodValidationInterceptor.java:174) ~[spring-context-6.2.1.jar:6.2.1]
	at org.springframework.aop.framework.ReflectiveMethodInvocation.proceed(ReflectiveMethodInvocation.java:184) ~[spring-aop-6.2.1.jar:6.2.1]
	at org.springframework.aop.framework.CglibAopProxy$DynamicAdvisedInterceptor.intercept(CglibAopProxy.java:727) ~[spring-aop-6.2.1.jar:6.2.1]
	at com.example.server.controller.CurrencyController$$SpringCGLIB$$0.convertCurrency(<generated>) ~[classes/:na]
	at java.base/jdk.internal.reflect.DirectMethodHandleAccessor.invoke(DirectMethodHandleAccessor.java:103) ~[na:na]
	at java.base/java.lang.reflect.Method.invoke(Method.java:580) ~[na:na]
	at org.springframework.web.method.support.InvocableHandlerMethod.doInvoke(InvocableHandlerMethod.java:257) ~[spring-web-6.2.1.jar:6.2.1]
	at org.springframework.web.method.support.InvocableHandlerMethod.invokeForRequest(InvocableHandlerMethod.java:190) ~[spring-web-6.2.1.jar:6.2.1]
	at org.springframework.web.servlet.mvc.method.annotation.ServletInvocableHandlerMethod.invokeAndHandle(ServletInvocableHandlerMethod.java:118) ~[spring-webmvc-6.2.1.jar:6.2.1]
	at org.springframework.web.servlet.mvc.method.annotation.RequestMappingHandlerAdapter.invokeHandlerMethod(RequestMappingHandlerAdapter.java:986) ~[spring-webmvc-6.2.1.jar:6.2.1]
	at org.springframework.web.servlet.mvc.method.annotation.RequestMappingHandlerAdapter.handleInternal(RequestMappingHandlerAdapter.java:891) ~[spring-webmvc-6.2.1.jar:6.2.1]
	at org.springframework.web.servlet.mvc.method.AbstractHandlerMethodAdapter.handle(AbstractHandlerMethodAdapter.java:87) ~[spring-webmvc-6.2.1.jar:6.2.1]
	at org.springframework.web.servlet.DispatcherServlet.doDispatch(DispatcherServlet.java:1088) ~[spring-webmvc-6.2.1.jar:6.2.1]
	at org.springframework.web.servlet.DispatcherServlet.doService(DispatcherServlet.java:978) ~[spring-webmvc-6.2.1.jar:6.2.1]
	at org.springframework.web.servlet.FrameworkServlet.processRequest(FrameworkServlet.java:1014) ~[spring-webmvc-6.2.1.jar:6.2.1]
	at org.springframework.web.servlet.FrameworkServlet.doPost(FrameworkServlet.java:914) ~[spring-webmvc-6.2.1.jar:6.2.1]
	at jakarta.servlet.http.HttpServlet.service(HttpServlet.java:590) ~[tomcat-embed-core-10.1.34.jar:6.0]
	at org.springframework.web.servlet.FrameworkServlet.service(FrameworkServlet.java:885) ~[spring-webmvc-6.2.1.jar:6.2.1]
	at jakarta.servlet.http.HttpServlet.service(HttpServlet.java:658) ~[tomcat-embed-core-10.1.34.jar:6.0]
	at org.apache.catalina.core.ApplicationFilterChain.internalDoFilter(ApplicationFilterChain.java:195) ~[tomcat-embed-core-10.1.34.jar:10.1.34]
	at org.apache.catalina.core.ApplicationFilterChain.doFilter(ApplicationFilterChain.java:140) ~[tomcat-embed-core-10.1.34.jar:10.1.34]
	at org.apache.tomcat.websocket.server.WsFilter.doFilter(WsFilter.java:51) ~[tomcat-embed-websocket-10.1.34.jar:10.1.34]
	at org.apache.catalina.core.ApplicationFilterChain.internalDoFilter(ApplicationFilterChain.java:164) ~[tomcat-embed-core-10.1.34.jar:10.1.34]
	at org.apache.catalina.core.ApplicationFilterChain.doFilter(ApplicationFilterChain.java:140) ~[tomcat-embed-core-10.1.34.jar:10.1.34]
	at org.springframework.web.filter.RequestContextFilter.doFilterInternal(RequestContextFilter.java:100) ~[spring-web-6.2.1.jar:6.2.1]
	at org.springframework.web.filter.OncePerRequestFilter.doFilter(OncePerRequestFilter.java:116) ~[spring-web-6.2.1.jar:6.2.1]
	at org.apache.catalina.core.ApplicationFilterChain.internalDoFilter(ApplicationFilterChain.java:164) ~[tomcat-embed-core-10.1.34.jar:10.1.34]
	at org.apache.catalina.core.ApplicationFilterChain.doFilter(ApplicationFilterChain.java:140) ~[tomcat-embed-core-10.1.34.jar:10.1.34]
	at org.springframework.web.filter.FormContentFilter.doFilterInternal(FormContentFilter.java:93) ~[spring-web-6.2.1.jar:6.2.1]
	at org.springframework.web.filter.OncePerRequestFilter.doFilter(OncePerRequestFilter.java:116) ~[spring-web-6.2.1.jar:6.2.1]
	at org.apache.catalina.core.ApplicationFilterChain.internalDoFilter(ApplicationFilterChain.java:164) ~[tomcat-embed-core-10.1.34.jar:10.1.34]
	at org.apache.catalina.core.ApplicationFilterChain.doFilter(ApplicationFilterChain.java:140) ~[tomcat-embed-core-10.1.34.jar:10.1.34]
	at org.springframework.web.filter.CharacterEncodingFilter.doFilterInternal(CharacterEncodingFilter.java:201) ~[spring-web-6.2.1.jar:6.2.1]
	at org.springframework.web.filter.OncePerRequestFilter.doFilter(OncePerRequestFilter.java:116) ~[spring-web-6.2.1.jar:6.2.1]
	at org.apache.catalina.core.ApplicationFilterChain.internalDoFilter(ApplicationFilterChain.java:164) ~[tomcat-embed-core-10.1.34.jar:10.1.34]
	at org.apache.catalina.core.ApplicationFilterChain.doFilter(ApplicationFilterChain.java:140) ~[tomcat-embed-core-10.1.34.jar:10.1.34]
	at org.apache.catalina.core.StandardWrapperValve.invoke(StandardWrapperValve.java:167) ~[tomcat-embed-core-10.1.34.jar:10.1.34]
	at org.apache.catalina.core.StandardContextValve.invoke(StandardContextValve.java:90) ~[tomcat-embed-core-10.1.34.jar:10.1.34]
	at org.apache.catalina.authenticator.AuthenticatorBase.invoke(AuthenticatorBase.java:483) ~[tomcat-embed-core-10.1.34.jar:10.1.34]
	at org.apache.catalina.core.StandardHostValve.invoke(StandardHostValve.java:115) ~[tomcat-embed-core-10.1.34.jar:10.1.34]
	at org.apache.catalina.valves.ErrorReportValve.invoke(ErrorReportValve.java:93) ~[tomcat-embed-core-10.1.34.jar:10.1.34]
	at org.apache.catalina.core.StandardEngineValve.invoke(StandardEngineValve.java:74) ~[tomcat-embed-core-10.1.34.jar:10.1.34]
	at org.apache.catalina.connector.CoyoteAdapter.service(CoyoteAdapter.java:344) ~[tomcat-embed-core-10.1.34.jar:10.1.34]
	at org.apache.coyote.http11.Http11Processor.service(Http11Processor.java:397) ~[tomcat-embed-core-10.1.34.jar:10.1.34]
	at org.apache.coyote.AbstractProcessorLight.process(AbstractProcessorLight.java:63) ~[tomcat-embed-core-10.1.34.jar:10.1.34]
	at org.apache.coyote.AbstractProtocol$ConnectionHandler.process(AbstractProtocol.java:905) ~[tomcat-embed-core-10.1.34.jar:10.1.34]
	at org.apache.tomcat.util.net.NioEndpoint$SocketProcessor.doRun(NioEndpoint.java:1741) ~[tomcat-embed-core-10.1.34.jar:10.1.34]
	at org.apache.tomcat.util.net.SocketProcessorBase.run(SocketProcessorBase.java:52) ~[tomcat-embed-core-10.1.34.jar:10.1.34]
	at org.apache.tomcat.util.threads.ThreadPoolExecutor.runWorker(ThreadPoolExecutor.java:1190) ~[tomcat-embed-core-10.1.34.jar:10.1.34]
	at org.apache.tomcat.util.threads.ThreadPoolExecutor$Worker.run(ThreadPoolExecutor.java:659) ~[tomcat-embed-core-10.1.34.jar:10.1.34]
	at org.apache.tomcat.util.threads.TaskThread$WrappingRunnable.run(TaskThread.java:63) ~[tomcat-embed-core-10.1.34.jar:10.1.34]
	at java.base/java.lang.Thread.run(Thread.java:1575) ~[na:na]

2025-02-05T11:23:13.160+02:00  WARN 78671 --- [server] [http-nio-8080-exec-9] .m.m.a.ExceptionHandlerExceptionResolver : Resolved [java.lang.IllegalArgumentException: Invalid currency pair: GBP to EUR]
2025-02-05T11:23:38.754+02:00  INFO 78671 --- [server] [http-nio-8080-exec-1] c.e.s.controller.CurrencyController      : Currency conversion requested: EUR -> USD (Amount: 10.0)
2025-02-05T11:23:38.755+02:00 DEBUG 78671 --- [server] [http-nio-8080-exec-1] c.e.server.service.CurrencyService       : Starting conversion: EUR -> USD (Amount: 10.0)
2025-02-05T11:23:38.755+02:00  INFO 78671 --- [server] [http-nio-8080-exec-1] c.e.server.service.CurrencyService       : Cache HIT for exchange rates
2025-02-05T11:23:38.755+02:00  INFO 78671 --- [server] [http-nio-8080-exec-1] c.e.server.service.CurrencyService       : Conversion completed: 10.0 EUR -> 10.40001 USD at rate 1.040001
2025-02-05T11:23:38.756+02:00  INFO 78671 --- [server] [http-nio-8080-exec-1] c.e.s.controller.CurrencyController      : Conversion result: EUR -> USD (Amount: 10.0) = $10.40
2025-02-05T11:23:43.760+02:00  INFO 78671 --- [server] [http-nio-8080-exec-2] c.e.s.controller.CurrencyController      : Currency conversion requested: EUR -> IRR (Amount: 10.0)
2025-02-05T11:23:43.761+02:00 DEBUG 78671 --- [server] [http-nio-8080-exec-2] c.e.server.service.CurrencyService       : Starting conversion: EUR -> IRR (Amount: 10.0)
2025-02-05T11:23:43.761+02:00  INFO 78671 --- [server] [http-nio-8080-exec-2] c.e.server.service.CurrencyService       : Cache HIT for exchange rates
2025-02-05T11:23:43.761+02:00  INFO 78671 --- [server] [http-nio-8080-exec-2] c.e.server.service.CurrencyService       : Conversion completed: 10.0 EUR -> 440093.75 IRR at rate 44009.375
2025-02-05T11:23:43.762+02:00  INFO 78671 --- [server] [http-nio-8080-exec-2] c.e.s.controller.CurrencyController      : Conversion result: EUR -> IRR (Amount: 10.0) = $440,093.75
